<?xml version="1.0" encoding="UTF-8"?>
<!-- Generated by org.testng.reporters.JUnitXMLReporter -->
<testsuite ignored="8" hostname="VX-LT-0082" failures="1" tests="2" name="AddNewManager" time="75.429" errors="0" timestamp="2022-11-14T15:54:12 PKT">
  <testcase classname="SiteTestCases.UsersTests.UsersPageTests" name="AddNewManagerUser" time="72.185">
    <skipped/>
  </testcase> <!-- AddNewManagerUser -->
  <testcase classname="SiteTestCases.UsersTests.UsersPageTests" name="AddNewManagerUser" time="0.622">
    <failure type="org.openqa.selenium.StaleElementReferenceException" message="stale element reference: element is not attached to the page document
  (Session info: chrome=106.0.5249.119)
For documentation on this error, please visit: https://selenium.dev/exceptions/#stale_element_reference
Build info: version: &amp;apos;4.1.2&amp;apos;, revision: &amp;apos;9a5a329c5a&amp;apos;
System info: host: &amp;apos;VX-LT-0082&amp;apos;, ip: &amp;apos;192.168.7.239&amp;apos;, os.name: &amp;apos;Windows 10&amp;apos;, os.arch: &amp;apos;amd64&amp;apos;, os.version: &amp;apos;10.0&amp;apos;, java.version: &amp;apos;15.0.2&amp;apos;
Driver info: org.openqa.selenium.chrome.ChromeDriver
Command: [b6a590a1809a3127466f5c80b0889959, isElementDisplayed {id=f444ed93-bbb6-4a9c-8527-69a5a1ee7a2e}]
Capabilities {acceptInsecureCerts: false, browserName: chrome, browserVersion: 106.0.5249.119, chrome: {chromedriverVersion: 106.0.5249.61 (511755355844..., userDataDir: C:\Users\MUHAMM~1\AppData\L...}, goog:chromeOptions: {debuggerAddress: localhost:51436}, javascriptEnabled: true, networkConnectionEnabled: false, pageLoadStrategy: normal, platform: WINDOWS, platformName: WINDOWS, proxy: Proxy(), se:cdp: ws://localhost:51436/devtoo..., se:cdpVersion: 106.0.5249.119, setWindowRect: true, strictFileInteractability: false, timeouts: {implicit: 0, pageLoad: 300000, script: 30000}, unhandledPromptBehavior: dismiss and notify, webauthn:extension:credBlob: true, webauthn:extension:largeBlob: true, webauthn:virtualAuthenticators: true}
Element: [[ChromeDriver: chrome on WINDOWS (b6a590a1809a3127466f5c80b0889959)] -&amp;gt; id: email]
Session ID: b6a590a1809a3127466f5c80b0889959">
      <![CDATA[org.openqa.selenium.StaleElementReferenceException: stale element reference: element is not attached to the page document
  (Session info: chrome=106.0.5249.119)
For documentation on this error, please visit: https://selenium.dev/exceptions/#stale_element_reference
Build info: version: '4.1.2', revision: '9a5a329c5a'
System info: host: 'VX-LT-0082', ip: '192.168.7.239', os.name: 'Windows 10', os.arch: 'amd64', os.version: '10.0', java.version: '15.0.2'
Driver info: org.openqa.selenium.chrome.ChromeDriver
Command: [b6a590a1809a3127466f5c80b0889959, isElementDisplayed {id=f444ed93-bbb6-4a9c-8527-69a5a1ee7a2e}]
Capabilities {acceptInsecureCerts: false, browserName: chrome, browserVersion: 106.0.5249.119, chrome: {chromedriverVersion: 106.0.5249.61 (511755355844..., userDataDir: C:\Users\MUHAMM~1\AppData\L...}, goog:chromeOptions: {debuggerAddress: localhost:51436}, javascriptEnabled: true, networkConnectionEnabled: false, pageLoadStrategy: normal, platform: WINDOWS, platformName: WINDOWS, proxy: Proxy(), se:cdp: ws://localhost:51436/devtoo..., se:cdpVersion: 106.0.5249.119, setWindowRect: true, strictFileInteractability: false, timeouts: {implicit: 0, pageLoad: 300000, script: 30000}, unhandledPromptBehavior: dismiss and notify, webauthn:extension:credBlob: true, webauthn:extension:largeBlob: true, webauthn:virtualAuthenticators: true}
Element: [[ChromeDriver: chrome on WINDOWS (b6a590a1809a3127466f5c80b0889959)] -> id: email]
Session ID: b6a590a1809a3127466f5c80b0889959
at org.openqa.selenium.remote.codec.w3c.W3CHttpResponseCodec.createException(W3CHttpResponseCodec.java:200)
at org.openqa.selenium.remote.codec.w3c.W3CHttpResponseCodec.decode(W3CHttpResponseCodec.java:133)
at org.openqa.selenium.remote.codec.w3c.W3CHttpResponseCodec.decode(W3CHttpResponseCodec.java:53)
at org.openqa.selenium.remote.HttpCommandExecutor.execute(HttpCommandExecutor.java:184)
at org.openqa.selenium.remote.service.DriverCommandExecutor.invokeExecute(DriverCommandExecutor.java:164)
at org.openqa.selenium.remote.service.DriverCommandExecutor.execute(DriverCommandExecutor.java:139)
at org.openqa.selenium.remote.RemoteWebDriver.execute(RemoteWebDriver.java:559)
at org.openqa.selenium.remote.RemoteWebElement.execute(RemoteWebElement.java:251)
at org.openqa.selenium.remote.RemoteWebElement.isDisplayed(RemoteWebElement.java:307)
at org.openqa.selenium.support.pagefactory.internal.LocatingElementHandler.invoke(LocatingElementHandler.java:52)
at com.sun.proxy.$Proxy22.isDisplayed(Unknown Source)
at org.openqa.selenium.support.ui.ExpectedConditions.elementIfVisible(ExpectedConditions.java:307)
at org.openqa.selenium.support.ui.ExpectedConditions.access$000(ExpectedConditions.java:40)
at org.openqa.selenium.support.ui.ExpectedConditions$10.apply(ExpectedConditions.java:293)
at org.openqa.selenium.support.ui.ExpectedConditions$10.apply(ExpectedConditions.java:290)
at org.openqa.selenium.support.ui.ExpectedConditions$23.apply(ExpectedConditions.java:660)
at org.openqa.selenium.support.ui.ExpectedConditions$23.apply(ExpectedConditions.java:656)
at org.openqa.selenium.support.ui.FluentWait.until(FluentWait.java:208)
at Utilities.CommonActions.waitForElement(CommonActions.java:254)
at Login.LoginPage.enterEmail(LoginPage.java:291)
at Login.LoginPage.login(LoginPage.java:88)
at SiteTestCases.UsersTests.UsersPageTests.AddNewManagerUser(UsersPageTests.java:70)
at java.base/java.util.ArrayList.forEach(ArrayList.java:1511)
... Removed 35 stack frames]]>
    </failure>
  </testcase> <!-- AddNewManagerUser -->
  <testcase classname="SiteTestCases.UsersTests.UsersPageTests" name="ColumnPreferences" time="0.0">
    <ignored/>
  </testcase> <!-- ColumnPreferences -->
  <testcase classname="SiteTestCases.UsersTests.UsersPageTests" name="AddNewAdminUserFiltersSorting" time="0.0">
    <ignored/>
  </testcase> <!-- AddNewAdminUserFiltersSorting -->
  <testcase classname="SiteTestCases.UsersTests.UsersPageTests" name="SuperAdminAddNewAdminUser" time="0.0">
    <ignored/>
  </testcase> <!-- SuperAdminAddNewAdminUser -->
  <testcase classname="SiteTestCases.UsersTests.UsersPageTests" name="SuperAdminAddNewOperatorUser" time="0.0">
    <ignored/>
  </testcase> <!-- SuperAdminAddNewOperatorUser -->
  <testcase classname="SiteTestCases.UsersTests.UsersPageTests" name="AddNewAdminUser" time="0.0">
    <ignored/>
  </testcase> <!-- AddNewAdminUser -->
  <testcase classname="SiteTestCases.UsersTests.UsersPageTests" name="AddNewOperatorUser" time="0.0">
    <ignored/>
  </testcase> <!-- AddNewOperatorUser -->
  <testcase classname="SiteTestCases.UsersTests.UsersPageTests" name="SuperAdminAddNewManagerUser" time="0.0">
    <ignored/>
  </testcase> <!-- SuperAdminAddNewManagerUser -->
  <testcase classname="SiteTestCases.UsersTests.UsersPageTests" name="DeleteUser" time="0.0">
    <ignored/>
  </testcase> <!-- DeleteUser -->
</testsuite> <!-- AddNewManager -->
