<?xml version="1.0" encoding="UTF-8"?>
<!-- Generated by org.testng.reporters.JUnitXMLReporter -->
<testsuite ignored="29" hostname="VX-LT-0082" failures="1" tests="1" name="UploadCSVUPMerge" time="98.768" errors="0" timestamp="2022-11-28T13:03:49 PKT">
  <testcase classname="BaseClasses.DriverBaseClass" name="@AfterMethod tearDown" time="0.003">
    <failure type="org.openqa.selenium.NoSuchWindowException" message="no such window: target window already closed
from unknown error: web view not found
  (Session info: chrome=107.0.5304.122)
Build info: version: &amp;apos;4.1.2&amp;apos;, revision: &amp;apos;9a5a329c5a&amp;apos;
System info: host: &amp;apos;VX-LT-0082&amp;apos;, ip: &amp;apos;192.168.7.239&amp;apos;, os.name: &amp;apos;Windows 10&amp;apos;, os.arch: &amp;apos;amd64&amp;apos;, os.version: &amp;apos;10.0&amp;apos;, java.version: &amp;apos;15.0.2&amp;apos;
Driver info: org.openqa.selenium.chrome.ChromeDriver
Command: [654e8f5c8ca88833743283213fe44151, screenshot {}]
Capabilities {acceptInsecureCerts: false, browserName: chrome, browserVersion: 107.0.5304.122, chrome: {chromedriverVersion: 107.0.5304.62 (1eec40d3a576..., userDataDir: C:\Users\MUHAMM~1\AppData\L...}, goog:chromeOptions: {debuggerAddress: localhost:51493}, javascriptEnabled: true, networkConnectionEnabled: false, pageLoadStrategy: normal, platform: WINDOWS, platformName: WINDOWS, proxy: Proxy(), se:cdp: ws://localhost:51493/devtoo..., se:cdpVersion: 107.0.5304.122, setWindowRect: true, strictFileInteractability: false, timeouts: {implicit: 0, pageLoad: 300000, script: 30000}, unhandledPromptBehavior: dismiss and notify, webauthn:extension:credBlob: true, webauthn:extension:largeBlob: true, webauthn:virtualAuthenticators: true}
Session ID: 654e8f5c8ca88833743283213fe44151">
      <![CDATA[org.openqa.selenium.NoSuchWindowException: no such window: target window already closed
from unknown error: web view not found
  (Session info: chrome=107.0.5304.122)
Build info: version: '4.1.2', revision: '9a5a329c5a'
System info: host: 'VX-LT-0082', ip: '192.168.7.239', os.name: 'Windows 10', os.arch: 'amd64', os.version: '10.0', java.version: '15.0.2'
Driver info: org.openqa.selenium.chrome.ChromeDriver
Command: [654e8f5c8ca88833743283213fe44151, screenshot {}]
Capabilities {acceptInsecureCerts: false, browserName: chrome, browserVersion: 107.0.5304.122, chrome: {chromedriverVersion: 107.0.5304.62 (1eec40d3a576..., userDataDir: C:\Users\MUHAMM~1\AppData\L...}, goog:chromeOptions: {debuggerAddress: localhost:51493}, javascriptEnabled: true, networkConnectionEnabled: false, pageLoadStrategy: normal, platform: WINDOWS, platformName: WINDOWS, proxy: Proxy(), se:cdp: ws://localhost:51493/devtoo..., se:cdpVersion: 107.0.5304.122, setWindowRect: true, strictFileInteractability: false, timeouts: {implicit: 0, pageLoad: 300000, script: 30000}, unhandledPromptBehavior: dismiss and notify, webauthn:extension:credBlob: true, webauthn:extension:largeBlob: true, webauthn:virtualAuthenticators: true}
Session ID: 654e8f5c8ca88833743283213fe44151
at org.openqa.selenium.remote.codec.w3c.W3CHttpResponseCodec.createException(W3CHttpResponseCodec.java:200)
at org.openqa.selenium.remote.codec.w3c.W3CHttpResponseCodec.decode(W3CHttpResponseCodec.java:133)
at org.openqa.selenium.remote.codec.w3c.W3CHttpResponseCodec.decode(W3CHttpResponseCodec.java:53)
at org.openqa.selenium.remote.HttpCommandExecutor.execute(HttpCommandExecutor.java:184)
at org.openqa.selenium.remote.service.DriverCommandExecutor.invokeExecute(DriverCommandExecutor.java:164)
at org.openqa.selenium.remote.service.DriverCommandExecutor.execute(DriverCommandExecutor.java:139)
at org.openqa.selenium.remote.RemoteWebDriver.execute(RemoteWebDriver.java:559)
at org.openqa.selenium.remote.RemoteWebDriver.execute(RemoteWebDriver.java:614)
at org.openqa.selenium.remote.RemoteWebDriver.execute(RemoteWebDriver.java:618)
at org.openqa.selenium.remote.RemoteWebDriver.getScreenshotAs(RemoteWebDriver.java:349)
at BaseClasses.DriverBaseClass.getScreenshot(DriverBaseClass.java:137)
at BaseClasses.DriverBaseClass.tearDown(DriverBaseClass.java:250)
at java.base/java.util.ArrayList.forEach(ArrayList.java:1511)
... Removed 36 stack frames]]>
    </failure>
  </testcase> <!-- @AfterMethod tearDown -->
  <testcase classname="BaseClasses.DriverBaseClass" name="@AfterTest closeDriver" time="32.294">
    <failure type="org.openqa.selenium.WebDriverException" message="disconnected: unable to connect to renderer
  (failed to check if window was closed: disconnected: unable to connect to renderer)
  (Session info: chrome=107.0.5304.122)
Build info: version: &amp;apos;4.1.2&amp;apos;, revision: &amp;apos;9a5a329c5a&amp;apos;
System info: host: &amp;apos;VX-LT-0082&amp;apos;, ip: &amp;apos;192.168.7.239&amp;apos;, os.name: &amp;apos;Windows 10&amp;apos;, os.arch: &amp;apos;amd64&amp;apos;, os.version: &amp;apos;10.0&amp;apos;, java.version: &amp;apos;15.0.2&amp;apos;
Driver info: org.openqa.selenium.chrome.ChromeDriver
Command: [654e8f5c8ca88833743283213fe44151, close {}]
Capabilities {acceptInsecureCerts: false, browserName: chrome, browserVersion: 107.0.5304.122, chrome: {chromedriverVersion: 107.0.5304.62 (1eec40d3a576..., userDataDir: C:\Users\MUHAMM~1\AppData\L...}, goog:chromeOptions: {debuggerAddress: localhost:51493}, javascriptEnabled: true, networkConnectionEnabled: false, pageLoadStrategy: normal, platform: WINDOWS, platformName: WINDOWS, proxy: Proxy(), se:cdp: ws://localhost:51493/devtoo..., se:cdpVersion: 107.0.5304.122, setWindowRect: true, strictFileInteractability: false, timeouts: {implicit: 0, pageLoad: 300000, script: 30000}, unhandledPromptBehavior: dismiss and notify, webauthn:extension:credBlob: true, webauthn:extension:largeBlob: true, webauthn:virtualAuthenticators: true}
Session ID: 654e8f5c8ca88833743283213fe44151">
      <![CDATA[org.openqa.selenium.WebDriverException: disconnected: unable to connect to renderer
  (failed to check if window was closed: disconnected: unable to connect to renderer)
  (Session info: chrome=107.0.5304.122)
Build info: version: '4.1.2', revision: '9a5a329c5a'
System info: host: 'VX-LT-0082', ip: '192.168.7.239', os.name: 'Windows 10', os.arch: 'amd64', os.version: '10.0', java.version: '15.0.2'
Driver info: org.openqa.selenium.chrome.ChromeDriver
Command: [654e8f5c8ca88833743283213fe44151, close {}]
Capabilities {acceptInsecureCerts: false, browserName: chrome, browserVersion: 107.0.5304.122, chrome: {chromedriverVersion: 107.0.5304.62 (1eec40d3a576..., userDataDir: C:\Users\MUHAMM~1\AppData\L...}, goog:chromeOptions: {debuggerAddress: localhost:51493}, javascriptEnabled: true, networkConnectionEnabled: false, pageLoadStrategy: normal, platform: WINDOWS, platformName: WINDOWS, proxy: Proxy(), se:cdp: ws://localhost:51493/devtoo..., se:cdpVersion: 107.0.5304.122, setWindowRect: true, strictFileInteractability: false, timeouts: {implicit: 0, pageLoad: 300000, script: 30000}, unhandledPromptBehavior: dismiss and notify, webauthn:extension:credBlob: true, webauthn:extension:largeBlob: true, webauthn:virtualAuthenticators: true}
Session ID: 654e8f5c8ca88833743283213fe44151
at org.openqa.selenium.remote.codec.w3c.W3CHttpResponseCodec.createException(W3CHttpResponseCodec.java:200)
at org.openqa.selenium.remote.codec.w3c.W3CHttpResponseCodec.decode(W3CHttpResponseCodec.java:133)
at org.openqa.selenium.remote.codec.w3c.W3CHttpResponseCodec.decode(W3CHttpResponseCodec.java:53)
at org.openqa.selenium.remote.HttpCommandExecutor.execute(HttpCommandExecutor.java:184)
at org.openqa.selenium.remote.service.DriverCommandExecutor.invokeExecute(DriverCommandExecutor.java:164)
at org.openqa.selenium.remote.service.DriverCommandExecutor.execute(DriverCommandExecutor.java:139)
at org.openqa.selenium.remote.RemoteWebDriver.execute(RemoteWebDriver.java:559)
at org.openqa.selenium.remote.RemoteWebDriver.execute(RemoteWebDriver.java:614)
at org.openqa.selenium.remote.RemoteWebDriver.execute(RemoteWebDriver.java:618)
at org.openqa.selenium.remote.RemoteWebDriver.close(RemoteWebDriver.java:444)
at BaseClasses.DriverBaseClass.closeDriver(DriverBaseClass.java:236)
... Removed 29 stack frames]]>
    </failure>
  </testcase> <!-- @AfterTest closeDriver -->
  <testcase classname="SiteTestCases.RecipientsTests.RecipientsPageTests" name="UploadCSVUPMerge" time="48.682">
    <failure type="org.openqa.selenium.NoSuchWindowException" message="no such window: target window already closed
from unknown error: web view not found
  (Session info: chrome=107.0.5304.122)
Build info: version: &amp;apos;4.1.2&amp;apos;, revision: &amp;apos;9a5a329c5a&amp;apos;
System info: host: &amp;apos;VX-LT-0082&amp;apos;, ip: &amp;apos;192.168.7.239&amp;apos;, os.name: &amp;apos;Windows 10&amp;apos;, os.arch: &amp;apos;amd64&amp;apos;, os.version: &amp;apos;10.0&amp;apos;, java.version: &amp;apos;15.0.2&amp;apos;
Driver info: org.openqa.selenium.chrome.ChromeDriver
Command: [654e8f5c8ca88833743283213fe44151, findElement {using=xpath, value=//button[@aria-label=&amp;apos;Choose Location&amp;apos;]}]
Capabilities {acceptInsecureCerts: false, browserName: chrome, browserVersion: 107.0.5304.122, chrome: {chromedriverVersion: 107.0.5304.62 (1eec40d3a576..., userDataDir: C:\Users\MUHAMM~1\AppData\L...}, goog:chromeOptions: {debuggerAddress: localhost:51493}, javascriptEnabled: true, networkConnectionEnabled: false, pageLoadStrategy: normal, platform: WINDOWS, platformName: WINDOWS, proxy: Proxy(), se:cdp: ws://localhost:51493/devtoo..., se:cdpVersion: 107.0.5304.122, setWindowRect: true, strictFileInteractability: false, timeouts: {implicit: 0, pageLoad: 300000, script: 30000}, unhandledPromptBehavior: dismiss and notify, webauthn:extension:credBlob: true, webauthn:extension:largeBlob: true, webauthn:virtualAuthenticators: true}
Session ID: 654e8f5c8ca88833743283213fe44151">
      <![CDATA[org.openqa.selenium.NoSuchWindowException: no such window: target window already closed
from unknown error: web view not found
  (Session info: chrome=107.0.5304.122)
Build info: version: '4.1.2', revision: '9a5a329c5a'
System info: host: 'VX-LT-0082', ip: '192.168.7.239', os.name: 'Windows 10', os.arch: 'amd64', os.version: '10.0', java.version: '15.0.2'
Driver info: org.openqa.selenium.chrome.ChromeDriver
Command: [654e8f5c8ca88833743283213fe44151, findElement {using=xpath, value=//button[@aria-label='Choose Location']}]
Capabilities {acceptInsecureCerts: false, browserName: chrome, browserVersion: 107.0.5304.122, chrome: {chromedriverVersion: 107.0.5304.62 (1eec40d3a576..., userDataDir: C:\Users\MUHAMM~1\AppData\L...}, goog:chromeOptions: {debuggerAddress: localhost:51493}, javascriptEnabled: true, networkConnectionEnabled: false, pageLoadStrategy: normal, platform: WINDOWS, platformName: WINDOWS, proxy: Proxy(), se:cdp: ws://localhost:51493/devtoo..., se:cdpVersion: 107.0.5304.122, setWindowRect: true, strictFileInteractability: false, timeouts: {implicit: 0, pageLoad: 300000, script: 30000}, unhandledPromptBehavior: dismiss and notify, webauthn:extension:credBlob: true, webauthn:extension:largeBlob: true, webauthn:virtualAuthenticators: true}
Session ID: 654e8f5c8ca88833743283213fe44151
at org.openqa.selenium.remote.codec.w3c.W3CHttpResponseCodec.createException(W3CHttpResponseCodec.java:200)
at org.openqa.selenium.remote.codec.w3c.W3CHttpResponseCodec.decode(W3CHttpResponseCodec.java:133)
at org.openqa.selenium.remote.codec.w3c.W3CHttpResponseCodec.decode(W3CHttpResponseCodec.java:53)
at org.openqa.selenium.remote.HttpCommandExecutor.execute(HttpCommandExecutor.java:184)
at org.openqa.selenium.remote.service.DriverCommandExecutor.invokeExecute(DriverCommandExecutor.java:164)
at org.openqa.selenium.remote.service.DriverCommandExecutor.execute(DriverCommandExecutor.java:139)
at org.openqa.selenium.remote.RemoteWebDriver.execute(RemoteWebDriver.java:559)
at org.openqa.selenium.remote.ElementLocation$ElementFinder$2.findElement(ElementLocation.java:162)
at org.openqa.selenium.remote.ElementLocation.findElement(ElementLocation.java:60)
at org.openqa.selenium.remote.RemoteWebDriver.findElement(RemoteWebDriver.java:383)
at org.openqa.selenium.remote.RemoteWebDriver.findElement(RemoteWebDriver.java:375)
at org.openqa.selenium.support.pagefactory.DefaultElementLocator.findElement(DefaultElementLocator.java:70)
at org.openqa.selenium.support.pagefactory.internal.LocatingElementHandler.invoke(LocatingElementHandler.java:39)
at com.sun.proxy.$Proxy21.toString(Unknown Source)
at java.base/java.lang.String.valueOf(String.java:3367)
at java.base/java.lang.StringBuilder.append(StringBuilder.java:167)
at org.openqa.selenium.support.ui.ExpectedConditions$23.toString(ExpectedConditions.java:673)
at java.base/java.lang.String.valueOf(String.java:3367)
at java.base/java.lang.StringBuilder.append(StringBuilder.java:167)
at org.openqa.selenium.support.ui.FluentWait.until(FluentWait.java:229)
at Utilities.CommonActions.waitForElement(CommonActions.java:254)
at Recipients.RecipientsPage.clickChooseLocation(RecipientsPage.java:1233)
at Recipients.RecipientsPage.chooseAndSearchLocation(RecipientsPage.java:788)
at SiteTestCases.RecipientsTests.RecipientsPageTests.UploadCSVUPMerge(RecipientsPageTests.java:109)
at java.base/java.util.ArrayList.forEach(ArrayList.java:1511)
... Removed 31 stack frames]]>
    </failure>
  </testcase> <!-- UploadCSVUPMerge -->
  <testcase classname="SiteTestCases.RecipientsTests.RecipientsPageTests" name="UploadCSVDuplicateEmail" time="0.0">
    <ignored/>
  </testcase> <!-- UploadCSVDuplicateEmail -->
  <testcase classname="SiteTestCases.RecipientsTests.RecipientsPageTests" name="UploadCSVUpdateMerge" time="0.0">
    <ignored/>
  </testcase> <!-- UploadCSVUpdateMerge -->
  <testcase classname="SiteTestCases.RecipientsTests.RecipientsPageTests" name="selectLocationFromDashboardSearch_TC01" time="0.0">
    <ignored/>
  </testcase> <!-- selectLocationFromDashboardSearch_TC01 -->
  <testcase classname="SiteTestCases.RecipientsTests.RecipientsPageTests" name="SuperAdminUploadCSVEditUploadMerge" time="0.0">
    <ignored/>
  </testcase> <!-- SuperAdminUploadCSVEditUploadMerge -->
  <testcase classname="SiteTestCases.RecipientsTests.RecipientsPageTests" name="UploadCSVEditUploadMerge" time="0.0">
    <ignored/>
  </testcase> <!-- UploadCSVEditUploadMerge -->
  <testcase classname="SiteTestCases.RecipientsTests.RecipientsPageTests" name="UploadCSVLongAdress" time="0.0">
    <ignored/>
  </testcase> <!-- UploadCSVLongAdress -->
  <testcase classname="SiteTestCases.RecipientsTests.RecipientsPageTests" name="SuperAdminUploadCSVUpdateMerge" time="0.0">
    <ignored/>
  </testcase> <!-- SuperAdminUploadCSVUpdateMerge -->
  <testcase classname="SiteTestCases.RecipientsTests.RecipientsPageTests" name="UploadCSVInvalidEmail" time="0.0">
    <ignored/>
  </testcase> <!-- UploadCSVInvalidEmail -->
  <testcase classname="SiteTestCases.RecipientsTests.RecipientsPageTests" name="AddNewRecipientByOperator" time="0.0">
    <ignored/>
  </testcase> <!-- AddNewRecipientByOperator -->
  <testcase classname="SiteTestCases.RecipientsTests.RecipientsPageTests" name="UploadCSVUnitGroup" time="0.0">
    <ignored/>
  </testcase> <!-- UploadCSVUnitGroup -->
  <testcase classname="SiteTestCases.RecipientsTests.RecipientsPageTests" name="SuperAdminAddNewGroup" time="0.0">
    <ignored/>
  </testcase> <!-- SuperAdminAddNewGroup -->
  <testcase classname="SiteTestCases.RecipientsTests.RecipientsPageTests" name="SuperAdminUploadCSVNameEmailMissing" time="0.0">
    <ignored/>
  </testcase> <!-- SuperAdminUploadCSVNameEmailMissing -->
  <testcase classname="SiteTestCases.RecipientsTests.RecipientsPageTests" name="UploadCSVNameEmailMissing" time="0.0">
    <ignored/>
  </testcase> <!-- UploadCSVNameEmailMissing -->
  <testcase classname="SiteTestCases.RecipientsTests.RecipientsPageTests" name="SuperAdminUploadCSVEmailMissing" time="0.0">
    <ignored/>
  </testcase> <!-- SuperAdminUploadCSVEmailMissing -->
  <testcase classname="SiteTestCases.RecipientsTests.RecipientsPageTests" name="SuperAdminUploadCSVLongAdress" time="0.0">
    <ignored/>
  </testcase> <!-- SuperAdminUploadCSVLongAdress -->
  <testcase classname="SiteTestCases.RecipientsTests.RecipientsPageTests" name="ColumnPreferencesGroups" time="0.0">
    <ignored/>
  </testcase> <!-- ColumnPreferencesGroups -->
  <testcase classname="SiteTestCases.RecipientsTests.RecipientsPageTests" name="UploadCSV10000Recipients" time="0.0">
    <ignored/>
  </testcase> <!-- UploadCSV10000Recipients -->
  <testcase classname="SiteTestCases.RecipientsTests.RecipientsPageTests" name="AddCustomFields" time="0.0">
    <ignored/>
  </testcase> <!-- AddCustomFields -->
  <testcase classname="SiteTestCases.RecipientsTests.RecipientsPageTests" name="ColumnPreferencesRecipients" time="0.0">
    <ignored/>
  </testcase> <!-- ColumnPreferencesRecipients -->
  <testcase classname="SiteTestCases.RecipientsTests.RecipientsPageTests" name="UploadCSV30MinWait" time="0.0">
    <ignored/>
  </testcase> <!-- UploadCSV30MinWait -->
  <testcase classname="SiteTestCases.RecipientsTests.RecipientsPageTests" name="UploadCSVUPOverwrite" time="0.0">
    <ignored/>
  </testcase> <!-- UploadCSVUPOverwrite -->
  <testcase classname="SiteTestCases.RecipientsTests.RecipientsPageTests" name="AddNewGroup" time="0.0">
    <ignored/>
  </testcase> <!-- AddNewGroup -->
  <testcase classname="SiteTestCases.RecipientsTests.RecipientsPageTests" name="AddNewRecipient" time="0.0">
    <ignored/>
  </testcase> <!-- AddNewRecipient -->
  <testcase classname="SiteTestCases.RecipientsTests.RecipientsPageTests" name="SuperAdminAddNewRecipient" time="0.0">
    <ignored/>
  </testcase> <!-- SuperAdminAddNewRecipient -->
  <testcase classname="SiteTestCases.RecipientsTests.RecipientsPageTests" name="SuperAdminUploadCSVDuplicateEmail" time="0.0">
    <ignored/>
  </testcase> <!-- SuperAdminUploadCSVDuplicateEmail -->
  <testcase classname="SiteTestCases.RecipientsTests.RecipientsPageTests" name="SuperAdminUploadCSVMerge" time="0.0">
    <ignored/>
  </testcase> <!-- SuperAdminUploadCSVMerge -->
  <testcase classname="SiteTestCases.RecipientsTests.RecipientsPageTests" name="SuperAdminUploadCSVOverwrite" time="0.0">
    <ignored/>
  </testcase> <!-- SuperAdminUploadCSVOverwrite -->
  <testcase classname="SiteTestCases.RecipientsTests.RecipientsPageTests" name="SuperAdminUploadCSVInvalidEmail" time="0.0">
    <ignored/>
  </testcase> <!-- SuperAdminUploadCSVInvalidEmail -->
  <testcase classname="SiteTestCases.RecipientsTests.RecipientsPageTests" name="UploadCSVEmailMissing" time="0.0">
    <ignored/>
  </testcase> <!-- UploadCSVEmailMissing -->
</testsuite> <!-- UploadCSVUPMerge -->
