<?xml version="1.0" encoding="UTF-8"?>
<!-- Generated by org.testng.reporters.JUnitXMLReporter -->
<testsuite ignored="29" hostname="VX-LT-0082" failures="1" tests="1" name="AddNewGroup(failed)" time="84.139" errors="0" timestamp="2022-11-07T11:27:02 PKT">
  <testcase classname="SiteTestCases.RecipientsTests.RecipientsPageTests" name="AddNewGroup" time="79.867">
    <failure type="org.openqa.selenium.StaleElementReferenceException" message="stale element reference: element is not attached to the page document
  (Session info: chrome=106.0.5249.119)
For documentation on this error, please visit: https://selenium.dev/exceptions/#stale_element_reference
Build info: version: &amp;apos;4.1.2&amp;apos;, revision: &amp;apos;9a5a329c5a&amp;apos;
System info: host: &amp;apos;VX-LT-0082&amp;apos;, ip: &amp;apos;192.168.18.235&amp;apos;, os.name: &amp;apos;Windows 10&amp;apos;, os.arch: &amp;apos;amd64&amp;apos;, os.version: &amp;apos;10.0&amp;apos;, java.version: &amp;apos;15.0.2&amp;apos;
Driver info: org.openqa.selenium.chrome.ChromeDriver
Command: [a8a20eb4abe7d1a10c944e5992916a15, clickElement {id=2b88c0a4-38d8-43fe-a59f-bc5465a86352}]
Capabilities {acceptInsecureCerts: false, browserName: chrome, browserVersion: 106.0.5249.119, chrome: {chromedriverVersion: 106.0.5249.61 (511755355844..., userDataDir: C:\Users\MUHAMM~1\AppData\L...}, goog:chromeOptions: {debuggerAddress: localhost:64815}, javascriptEnabled: true, networkConnectionEnabled: false, pageLoadStrategy: normal, platform: WINDOWS, platformName: WINDOWS, proxy: Proxy(), se:cdp: ws://localhost:64815/devtoo..., se:cdpVersion: 106.0.5249.119, setWindowRect: true, strictFileInteractability: false, timeouts: {implicit: 0, pageLoad: 300000, script: 30000}, unhandledPromptBehavior: dismiss and notify, webauthn:extension:credBlob: true, webauthn:extension:largeBlob: true, webauthn:virtualAuthenticators: true}
Element: [[ChromeDriver: chrome on WINDOWS (a8a20eb4abe7d1a10c944e5992916a15)] -&amp;gt; xpath: (//*[contains(text(),&amp;apos;&amp;apos;)])/preceding::td/label/span]
Session ID: a8a20eb4abe7d1a10c944e5992916a15">
      <![CDATA[org.openqa.selenium.StaleElementReferenceException: stale element reference: element is not attached to the page document
  (Session info: chrome=106.0.5249.119)
For documentation on this error, please visit: https://selenium.dev/exceptions/#stale_element_reference
Build info: version: '4.1.2', revision: '9a5a329c5a'
System info: host: 'VX-LT-0082', ip: '192.168.18.235', os.name: 'Windows 10', os.arch: 'amd64', os.version: '10.0', java.version: '15.0.2'
Driver info: org.openqa.selenium.chrome.ChromeDriver
Command: [a8a20eb4abe7d1a10c944e5992916a15, clickElement {id=2b88c0a4-38d8-43fe-a59f-bc5465a86352}]
Capabilities {acceptInsecureCerts: false, browserName: chrome, browserVersion: 106.0.5249.119, chrome: {chromedriverVersion: 106.0.5249.61 (511755355844..., userDataDir: C:\Users\MUHAMM~1\AppData\L...}, goog:chromeOptions: {debuggerAddress: localhost:64815}, javascriptEnabled: true, networkConnectionEnabled: false, pageLoadStrategy: normal, platform: WINDOWS, platformName: WINDOWS, proxy: Proxy(), se:cdp: ws://localhost:64815/devtoo..., se:cdpVersion: 106.0.5249.119, setWindowRect: true, strictFileInteractability: false, timeouts: {implicit: 0, pageLoad: 300000, script: 30000}, unhandledPromptBehavior: dismiss and notify, webauthn:extension:credBlob: true, webauthn:extension:largeBlob: true, webauthn:virtualAuthenticators: true}
Element: [[ChromeDriver: chrome on WINDOWS (a8a20eb4abe7d1a10c944e5992916a15)] -> xpath: (//*[contains(text(),'')])/preceding::td/label/span]
Session ID: a8a20eb4abe7d1a10c944e5992916a15
at org.openqa.selenium.remote.codec.w3c.W3CHttpResponseCodec.createException(W3CHttpResponseCodec.java:200)
at org.openqa.selenium.remote.codec.w3c.W3CHttpResponseCodec.decode(W3CHttpResponseCodec.java:133)
at org.openqa.selenium.remote.codec.w3c.W3CHttpResponseCodec.decode(W3CHttpResponseCodec.java:53)
at org.openqa.selenium.remote.HttpCommandExecutor.execute(HttpCommandExecutor.java:184)
at org.openqa.selenium.remote.service.DriverCommandExecutor.invokeExecute(DriverCommandExecutor.java:164)
at org.openqa.selenium.remote.service.DriverCommandExecutor.execute(DriverCommandExecutor.java:139)
at org.openqa.selenium.remote.RemoteWebDriver.execute(RemoteWebDriver.java:559)
at org.openqa.selenium.remote.RemoteWebElement.execute(RemoteWebElement.java:251)
at org.openqa.selenium.remote.RemoteWebElement.click(RemoteWebElement.java:77)
at org.openqa.selenium.support.pagefactory.internal.LocatingElementHandler.invoke(LocatingElementHandler.java:52)
at com.sun.proxy.$Proxy22.click(Unknown Source)
at Recipients.RecipientsPage.searchRecipients(RecipientsPage.java:211)
at Recipients.RecipientsPage.assignRecipients(RecipientsPage.java:181)
at Recipients.RecipientsPage.addNewGroup(RecipientsPage.java:158)
at SiteTestCases.RecipientsTests.RecipientsPageTests.AddNewGroup(RecipientsPageTests.java:95)
at java.base/java.util.ArrayList.forEach(ArrayList.java:1511)
... Removed 35 stack frames]]>
    </failure>
  </testcase> <!-- AddNewGroup -->
  <testcase classname="SiteTestCases.RecipientsTests.RecipientsPageTests" name="UploadCSVDuplicateEmail" time="0.0">
    <ignored/>
  </testcase> <!-- UploadCSVDuplicateEmail -->
  <testcase classname="SiteTestCases.RecipientsTests.RecipientsPageTests" name="UploadCSVUpdateMerge" time="0.0">
    <ignored/>
  </testcase> <!-- UploadCSVUpdateMerge -->
  <testcase classname="SiteTestCases.RecipientsTests.RecipientsPageTests" name="selectLocationFromDashboardSearch_TC01" time="0.0">
    <ignored/>
  </testcase> <!-- selectLocationFromDashboardSearch_TC01 -->
  <testcase classname="SiteTestCases.RecipientsTests.RecipientsPageTests" name="SuperAdminUploadCSVEditUploadMerge" time="0.0">
    <ignored/>
  </testcase> <!-- SuperAdminUploadCSVEditUploadMerge -->
  <testcase classname="SiteTestCases.RecipientsTests.RecipientsPageTests" name="UploadCSVEditUploadMerge" time="0.0">
    <ignored/>
  </testcase> <!-- UploadCSVEditUploadMerge -->
  <testcase classname="SiteTestCases.RecipientsTests.RecipientsPageTests" name="UploadCSVLongAdress" time="0.0">
    <ignored/>
  </testcase> <!-- UploadCSVLongAdress -->
  <testcase classname="SiteTestCases.RecipientsTests.RecipientsPageTests" name="SuperAdminUploadCSVUpdateMerge" time="0.0">
    <ignored/>
  </testcase> <!-- SuperAdminUploadCSVUpdateMerge -->
  <testcase classname="SiteTestCases.RecipientsTests.RecipientsPageTests" name="UploadCSVInvalidEmail" time="0.0">
    <ignored/>
  </testcase> <!-- UploadCSVInvalidEmail -->
  <testcase classname="SiteTestCases.RecipientsTests.RecipientsPageTests" name="AddNewRecipientByOperator" time="0.0">
    <ignored/>
  </testcase> <!-- AddNewRecipientByOperator -->
  <testcase classname="SiteTestCases.RecipientsTests.RecipientsPageTests" name="UploadCSVUnitGroup" time="0.0">
    <ignored/>
  </testcase> <!-- UploadCSVUnitGroup -->
  <testcase classname="SiteTestCases.RecipientsTests.RecipientsPageTests" name="SuperAdminAddNewGroup" time="0.0">
    <ignored/>
  </testcase> <!-- SuperAdminAddNewGroup -->
  <testcase classname="SiteTestCases.RecipientsTests.RecipientsPageTests" name="SuperAdminUploadCSVNameEmailMissing" time="0.0">
    <ignored/>
  </testcase> <!-- SuperAdminUploadCSVNameEmailMissing -->
  <testcase classname="SiteTestCases.RecipientsTests.RecipientsPageTests" name="UploadCSVNameEmailMissing" time="0.0">
    <ignored/>
  </testcase> <!-- UploadCSVNameEmailMissing -->
  <testcase classname="SiteTestCases.RecipientsTests.RecipientsPageTests" name="SuperAdminUploadCSVEmailMissing" time="0.0">
    <ignored/>
  </testcase> <!-- SuperAdminUploadCSVEmailMissing -->
  <testcase classname="SiteTestCases.RecipientsTests.RecipientsPageTests" name="SuperAdminUploadCSVLongAdress" time="0.0">
    <ignored/>
  </testcase> <!-- SuperAdminUploadCSVLongAdress -->
  <testcase classname="SiteTestCases.RecipientsTests.RecipientsPageTests" name="ColumnPreferencesGroups" time="0.0">
    <ignored/>
  </testcase> <!-- ColumnPreferencesGroups -->
  <testcase classname="SiteTestCases.RecipientsTests.RecipientsPageTests" name="UploadCSV10000Recipients" time="0.0">
    <ignored/>
  </testcase> <!-- UploadCSV10000Recipients -->
  <testcase classname="SiteTestCases.RecipientsTests.RecipientsPageTests" name="AddCustomFields" time="0.0">
    <ignored/>
  </testcase> <!-- AddCustomFields -->
  <testcase classname="SiteTestCases.RecipientsTests.RecipientsPageTests" name="ColumnPreferencesRecipients" time="0.0">
    <ignored/>
  </testcase> <!-- ColumnPreferencesRecipients -->
  <testcase classname="SiteTestCases.RecipientsTests.RecipientsPageTests" name="UploadCSV30MinWait" time="0.0">
    <ignored/>
  </testcase> <!-- UploadCSV30MinWait -->
  <testcase classname="SiteTestCases.RecipientsTests.RecipientsPageTests" name="UploadCSVUPOverwrite" time="0.0">
    <ignored/>
  </testcase> <!-- UploadCSVUPOverwrite -->
  <testcase classname="SiteTestCases.RecipientsTests.RecipientsPageTests" name="UploadCSVUPMerge" time="0.0">
    <ignored/>
  </testcase> <!-- UploadCSVUPMerge -->
  <testcase classname="SiteTestCases.RecipientsTests.RecipientsPageTests" name="AddNewRecipient" time="0.0">
    <ignored/>
  </testcase> <!-- AddNewRecipient -->
  <testcase classname="SiteTestCases.RecipientsTests.RecipientsPageTests" name="SuperAdminAddNewRecipient" time="0.0">
    <ignored/>
  </testcase> <!-- SuperAdminAddNewRecipient -->
  <testcase classname="SiteTestCases.RecipientsTests.RecipientsPageTests" name="SuperAdminUploadCSVDuplicateEmail" time="0.0">
    <ignored/>
  </testcase> <!-- SuperAdminUploadCSVDuplicateEmail -->
  <testcase classname="SiteTestCases.RecipientsTests.RecipientsPageTests" name="SuperAdminUploadCSVMerge" time="0.0">
    <ignored/>
  </testcase> <!-- SuperAdminUploadCSVMerge -->
  <testcase classname="SiteTestCases.RecipientsTests.RecipientsPageTests" name="SuperAdminUploadCSVOverwrite" time="0.0">
    <ignored/>
  </testcase> <!-- SuperAdminUploadCSVOverwrite -->
  <testcase classname="SiteTestCases.RecipientsTests.RecipientsPageTests" name="SuperAdminUploadCSVInvalidEmail" time="0.0">
    <ignored/>
  </testcase> <!-- SuperAdminUploadCSVInvalidEmail -->
  <testcase classname="SiteTestCases.RecipientsTests.RecipientsPageTests" name="UploadCSVEmailMissing" time="0.0">
    <ignored/>
  </testcase> <!-- UploadCSVEmailMissing -->
</testsuite> <!-- AddNewGroup(failed) -->
