<?xml version="1.0" encoding="UTF-8"?>
<!-- Generated by org.testng.reporters.JUnitXMLReporter -->
<testsuite ignored="8" hostname="VX-LT-0082" failures="1" tests="1" name="AddNewAdmin(failed)" time="71.727" errors="0" timestamp="2022-09-29T11:12:10 PKT">
  <testcase classname="SiteTestCases.UsersTests.UsersPageTests" name="AddNewAdminUser" time="61.07">
    <failure type="org.openqa.selenium.StaleElementReferenceException" message="stale element reference: element is not attached to the page document
  (Session info: chrome=105.0.5195.128)
For documentation on this error, please visit: https://selenium.dev/exceptions/#stale_element_reference
Build info: version: &amp;apos;4.1.2&amp;apos;, revision: &amp;apos;9a5a329c5a&amp;apos;
System info: host: &amp;apos;VX-LT-0082&amp;apos;, ip: &amp;apos;192.168.7.239&amp;apos;, os.name: &amp;apos;Windows 10&amp;apos;, os.arch: &amp;apos;amd64&amp;apos;, os.version: &amp;apos;10.0&amp;apos;, java.version: &amp;apos;15.0.2&amp;apos;
Driver info: org.openqa.selenium.chrome.ChromeDriver
Command: [20bf2b2559144090cacccecda4015ec0, sendKeysToElement {id=7aaaea3d-91dc-4915-bf36-2f16b673113e, value=[Ljava.lang.CharSequence;@28157173}]
Capabilities {acceptInsecureCerts: false, browserName: chrome, browserVersion: 105.0.5195.128, chrome: {chromedriverVersion: 105.0.5195.52 (412c95e51883..., userDataDir: C:\Users\MUHAMM~1\AppData\L...}, goog:chromeOptions: {debuggerAddress: localhost:64934}, javascriptEnabled: true, networkConnectionEnabled: false, pageLoadStrategy: normal, platform: WINDOWS, platformName: WINDOWS, proxy: Proxy(), se:cdp: ws://localhost:64934/devtoo..., se:cdpVersion: 105.0.5195.128, setWindowRect: true, strictFileInteractability: false, timeouts: {implicit: 0, pageLoad: 300000, script: 30000}, unhandledPromptBehavior: dismiss and notify, webauthn:extension:credBlob: true, webauthn:extension:largeBlob: true, webauthn:virtualAuthenticators: true}
Element: [[ChromeDriver: chrome on WINDOWS (20bf2b2559144090cacccecda4015ec0)] -&amp;gt; xpath: //ul[@role=&amp;apos;listbox&amp;apos;]]
Session ID: 20bf2b2559144090cacccecda4015ec0">
      <![CDATA[org.openqa.selenium.StaleElementReferenceException: stale element reference: element is not attached to the page document
  (Session info: chrome=105.0.5195.128)
For documentation on this error, please visit: https://selenium.dev/exceptions/#stale_element_reference
Build info: version: '4.1.2', revision: '9a5a329c5a'
System info: host: 'VX-LT-0082', ip: '192.168.7.239', os.name: 'Windows 10', os.arch: 'amd64', os.version: '10.0', java.version: '15.0.2'
Driver info: org.openqa.selenium.chrome.ChromeDriver
Command: [20bf2b2559144090cacccecda4015ec0, sendKeysToElement {id=7aaaea3d-91dc-4915-bf36-2f16b673113e, value=[Ljava.lang.CharSequence;@28157173}]
Capabilities {acceptInsecureCerts: false, browserName: chrome, browserVersion: 105.0.5195.128, chrome: {chromedriverVersion: 105.0.5195.52 (412c95e51883..., userDataDir: C:\Users\MUHAMM~1\AppData\L...}, goog:chromeOptions: {debuggerAddress: localhost:64934}, javascriptEnabled: true, networkConnectionEnabled: false, pageLoadStrategy: normal, platform: WINDOWS, platformName: WINDOWS, proxy: Proxy(), se:cdp: ws://localhost:64934/devtoo..., se:cdpVersion: 105.0.5195.128, setWindowRect: true, strictFileInteractability: false, timeouts: {implicit: 0, pageLoad: 300000, script: 30000}, unhandledPromptBehavior: dismiss and notify, webauthn:extension:credBlob: true, webauthn:extension:largeBlob: true, webauthn:virtualAuthenticators: true}
Element: [[ChromeDriver: chrome on WINDOWS (20bf2b2559144090cacccecda4015ec0)] -> xpath: //ul[@role='listbox']]
Session ID: 20bf2b2559144090cacccecda4015ec0
at org.openqa.selenium.remote.codec.w3c.W3CHttpResponseCodec.createException(W3CHttpResponseCodec.java:200)
at org.openqa.selenium.remote.codec.w3c.W3CHttpResponseCodec.decode(W3CHttpResponseCodec.java:133)
at org.openqa.selenium.remote.codec.w3c.W3CHttpResponseCodec.decode(W3CHttpResponseCodec.java:53)
at org.openqa.selenium.remote.HttpCommandExecutor.execute(HttpCommandExecutor.java:184)
at org.openqa.selenium.remote.service.DriverCommandExecutor.invokeExecute(DriverCommandExecutor.java:164)
at org.openqa.selenium.remote.service.DriverCommandExecutor.execute(DriverCommandExecutor.java:139)
at org.openqa.selenium.remote.RemoteWebDriver.execute(RemoteWebDriver.java:559)
at org.openqa.selenium.remote.RemoteWebElement.execute(RemoteWebElement.java:251)
at org.openqa.selenium.remote.RemoteWebElement.sendKeys(RemoteWebElement.java:107)
at org.openqa.selenium.support.pagefactory.internal.LocatingElementHandler.invoke(LocatingElementHandler.java:52)
at com.sun.proxy.$Proxy21.sendKeys(Unknown Source)
at Users.UsersPage.selectRole(UsersPage.java:194)
at Users.UsersPage.editUser(UsersPage.java:72)
at SiteTestCases.UsersTests.UsersPageTests.AddNewAdminUser(UsersPageTests.java:53)
at java.base/java.util.ArrayList.forEach(ArrayList.java:1511)
... Removed 36 stack frames]]>
    </failure>
  </testcase> <!-- AddNewAdminUser -->
  <testcase classname="SiteTestCases.UsersTests.UsersPageTests" name="ColumnPreferences" time="0.0">
    <ignored/>
  </testcase> <!-- ColumnPreferences -->
  <testcase classname="SiteTestCases.UsersTests.UsersPageTests" name="AddNewAdminUserFiltersSorting" time="0.0">
    <ignored/>
  </testcase> <!-- AddNewAdminUserFiltersSorting -->
  <testcase classname="SiteTestCases.UsersTests.UsersPageTests" name="SuperAdminAddNewAdminUser" time="0.0">
    <ignored/>
  </testcase> <!-- SuperAdminAddNewAdminUser -->
  <testcase classname="SiteTestCases.UsersTests.UsersPageTests" name="SuperAdminAddNewOperatorUser" time="0.0">
    <ignored/>
  </testcase> <!-- SuperAdminAddNewOperatorUser -->
  <testcase classname="SiteTestCases.UsersTests.UsersPageTests" name="AddNewManagerUser" time="0.0">
    <ignored/>
  </testcase> <!-- AddNewManagerUser -->
  <testcase classname="SiteTestCases.UsersTests.UsersPageTests" name="AddNewOperatorUser" time="0.0">
    <ignored/>
  </testcase> <!-- AddNewOperatorUser -->
  <testcase classname="SiteTestCases.UsersTests.UsersPageTests" name="SuperAdminAddNewManagerUser" time="0.0">
    <ignored/>
  </testcase> <!-- SuperAdminAddNewManagerUser -->
  <testcase classname="SiteTestCases.UsersTests.UsersPageTests" name="DeleteUser" time="0.0">
    <ignored/>
  </testcase> <!-- DeleteUser -->
</testsuite> <!-- AddNewAdmin(failed) -->
