<?xml version="1.0" encoding="UTF-8"?>
<!-- Generated by org.testng.reporters.JUnitXMLReporter -->
<testsuite ignored="23" hostname="VX-LT-0082" failures="1" tests="1" name="AddNewRecipient(failed)" time="63.749" errors="0" timestamp="2022-09-13T16:35:24 PKT">
  <testcase classname="SiteTestCases.DEVTests.DevTestsPage" name="AddNewRecipient" time="58.893">
    <failure type="org.openqa.selenium.TimeoutException" message="Expected condition failed: waiting for element to be clickable: Proxy element for: DefaultElementLocator &amp;apos;By.xpath: //input[@name=&amp;apos;name&amp;apos;]&amp;apos; (tried for 30 second(s) with 500 milliseconds interval)">
      <![CDATA[org.openqa.selenium.TimeoutException: Expected condition failed: waiting for element to be clickable: Proxy element for: DefaultElementLocator 'By.xpath: //input[@name='name']' (tried for 30 second(s) with 500 milliseconds interval)
at org.openqa.selenium.support.ui.WebDriverWait.timeoutException(WebDriverWait.java:138)
at org.openqa.selenium.support.ui.FluentWait.until(FluentWait.java:231)
at Utilities.CommonActions.waitForElement(CommonActions.java:252)
at Recipients.RecipientsPage.enterName(RecipientsPage.java:303)
at Recipients.RecipientsPage.addNewRecipient(RecipientsPage.java:85)
at SiteTestCases.DEVTests.DevTestsPage.AddNewRecipient(DevTestsPage.java:151)
at java.base/java.util.ArrayList.forEach(ArrayList.java:1511)
Caused by: org.openqa.selenium.NoSuchElementException: no such element: Unable to locate element: {"method":"xpath","selector":"//input[@name='name']"}
  (Session info: chrome=104.0.5112.102)
For documentation on this error, please visit: https://selenium.dev/exceptions/#no_such_element
Build info: version: '4.1.2', revision: '9a5a329c5a'
System info: host: 'VX-LT-0082', ip: '192.168.7.239', os.name: 'Windows 10', os.arch: 'amd64', os.version: '10.0', java.version: '15.0.2'
Driver info: org.openqa.selenium.chrome.ChromeDriver
Command: [89b79ec7cd293851673d65aa11f4f4c6, findElement {using=xpath, value=//input[@name='name']}]
Capabilities {acceptInsecureCerts: false, browserName: chrome, browserVersion: 104.0.5112.102, chrome: {chromedriverVersion: 104.0.5112.79 (3cf3e8c8a07d..., userDataDir: C:\Users\MUHAMM~1\AppData\L...}, goog:chromeOptions: {debuggerAddress: localhost:51334}, javascriptEnabled: true, networkConnectionEnabled: false, pageLoadStrategy: normal, platform: WINDOWS, platformName: WINDOWS, proxy: Proxy(), se:cdp: ws://localhost:51334/devtoo..., se:cdpVersion: 104.0.5112.102, setWindowRect: true, strictFileInteractability: false, timeouts: {implicit: 0, pageLoad: 300000, script: 30000}, unhandledPromptBehavior: dismiss and notify, webauthn:extension:credBlob: true, webauthn:extension:largeBlob: true, webauthn:virtualAuthenticators: true}
Session ID: 89b79ec7cd293851673d65aa11f4f4c6
at org.openqa.selenium.remote.codec.w3c.W3CHttpResponseCodec.createException(W3CHttpResponseCodec.java:200)
at org.openqa.selenium.remote.codec.w3c.W3CHttpResponseCodec.decode(W3CHttpResponseCodec.java:133)
at org.openqa.selenium.remote.codec.w3c.W3CHttpResponseCodec.decode(W3CHttpResponseCodec.java:53)
at org.openqa.selenium.remote.HttpCommandExecutor.execute(HttpCommandExecutor.java:184)
at org.openqa.selenium.remote.service.DriverCommandExecutor.invokeExecute(DriverCommandExecutor.java:164)
at org.openqa.selenium.remote.service.DriverCommandExecutor.execute(DriverCommandExecutor.java:139)
at org.openqa.selenium.remote.RemoteWebDriver.execute(RemoteWebDriver.java:559)
at org.openqa.selenium.remote.ElementLocation$ElementFinder$2.findElement(ElementLocation.java:162)
at org.openqa.selenium.remote.ElementLocation.findElement(ElementLocation.java:60)
at org.openqa.selenium.remote.RemoteWebDriver.findElement(RemoteWebDriver.java:383)
at org.openqa.selenium.remote.RemoteWebDriver.findElement(RemoteWebDriver.java:375)
at org.openqa.selenium.support.pagefactory.DefaultElementLocator.findElement(DefaultElementLocator.java:70)
at org.openqa.selenium.support.pagefactory.internal.LocatingElementHandler.invoke(LocatingElementHandler.java:39)
at com.sun.proxy.$Proxy21.isDisplayed(Unknown Source)
at org.openqa.selenium.support.ui.ExpectedConditions.elementIfVisible(ExpectedConditions.java:307)
at org.openqa.selenium.support.ui.ExpectedConditions.access$000(ExpectedConditions.java:40)
at org.openqa.selenium.support.ui.ExpectedConditions$10.apply(ExpectedConditions.java:293)
at org.openqa.selenium.support.ui.ExpectedConditions$10.apply(ExpectedConditions.java:290)
at org.openqa.selenium.support.ui.ExpectedConditions$23.apply(ExpectedConditions.java:660)
at org.openqa.selenium.support.ui.ExpectedConditions$23.apply(ExpectedConditions.java:656)
at org.openqa.selenium.support.ui.FluentWait.until(FluentWait.java:208)
... 32 more
... Removed 31 stack frames]]>
    </failure>
  </testcase> <!-- AddNewRecipient -->
  <testcase classname="SiteTestCases.DEVTests.DevTestsPage" name="UploadCSVEditUploadMerge" time="0.0">
    <ignored/>
  </testcase> <!-- UploadCSVEditUploadMerge -->
  <testcase classname="SiteTestCases.DEVTests.DevTestsPage" name="UploadCSV30MinWait" time="0.0">
    <ignored/>
  </testcase> <!-- UploadCSV30MinWait -->
  <testcase classname="SiteTestCases.DEVTests.DevTestsPage" name="UploadCSVDuplicateEmail" time="0.0">
    <ignored/>
  </testcase> <!-- UploadCSVDuplicateEmail -->
  <testcase classname="SiteTestCases.DEVTests.DevTestsPage" name="LoginViaMagicLink" time="0.0">
    <ignored/>
  </testcase> <!-- LoginViaMagicLink -->
  <testcase classname="SiteTestCases.DEVTests.DevTestsPage" name="UploadCSVUpdateMerge" time="0.0">
    <ignored/>
  </testcase> <!-- UploadCSVUpdateMerge -->
  <testcase classname="SiteTestCases.DEVTests.DevTestsPage" name="GlobalSearch" time="0.0">
    <ignored/>
  </testcase> <!-- GlobalSearch -->
  <testcase classname="SiteTestCases.DEVTests.DevTestsPage" name="UploadCSVInvalidEmail" time="0.0">
    <ignored/>
  </testcase> <!-- UploadCSVInvalidEmail -->
  <testcase classname="SiteTestCases.DEVTests.DevTestsPage" name="UploadCSVUPMerge" time="0.0">
    <ignored/>
  </testcase> <!-- UploadCSVUPMerge -->
  <testcase classname="SiteTestCases.DEVTests.DevTestsPage" name="UploadCSVUnitGroup" time="0.0">
    <ignored/>
  </testcase> <!-- UploadCSVUnitGroup -->
  <testcase classname="SiteTestCases.DEVTests.DevTestsPage" name="AddNewAdminUser" time="0.0">
    <ignored/>
  </testcase> <!-- AddNewAdminUser -->
  <testcase classname="SiteTestCases.DEVTests.DevTestsPage" name="UploadCSVLongAdress" time="0.0">
    <ignored/>
  </testcase> <!-- UploadCSVLongAdress -->
  <testcase classname="SiteTestCases.DEVTests.DevTestsPage" name="LoginNegativeCase" time="0.0">
    <ignored/>
  </testcase> <!-- LoginNegativeCase -->
  <testcase classname="SiteTestCases.DEVTests.DevTestsPage" name="AddNewOperatorUser" time="0.0">
    <ignored/>
  </testcase> <!-- AddNewOperatorUser -->
  <testcase classname="SiteTestCases.DEVTests.DevTestsPage" name="UploadCSVUPOverwrite" time="0.0">
    <ignored/>
  </testcase> <!-- UploadCSVUPOverwrite -->
  <testcase classname="SiteTestCases.DEVTests.DevTestsPage" name="CreateNewLocation" time="0.0">
    <ignored/>
  </testcase> <!-- CreateNewLocation -->
  <testcase classname="SiteTestCases.DEVTests.DevTestsPage" name="AddNewGroup" time="0.0">
    <ignored/>
  </testcase> <!-- AddNewGroup -->
  <testcase classname="SiteTestCases.DEVTests.DevTestsPage" name="AddNewAdminUserFiltersSorting" time="0.0">
    <ignored/>
  </testcase> <!-- AddNewAdminUserFiltersSorting -->
  <testcase classname="SiteTestCases.DEVTests.DevTestsPage" name="UploadCSV10000Recipients" time="0.0">
    <ignored/>
  </testcase> <!-- UploadCSV10000Recipients -->
  <testcase classname="SiteTestCases.DEVTests.DevTestsPage" name="UploadCSVEmailMissing" time="0.0">
    <ignored/>
  </testcase> <!-- UploadCSVEmailMissing -->
  <testcase classname="SiteTestCases.DEVTests.DevTestsPage" name="Analytics" time="0.0">
    <ignored/>
  </testcase> <!-- Analytics -->
  <testcase classname="SiteTestCases.DEVTests.DevTestsPage" name="UploadCSVNameEmailMissing" time="0.0">
    <ignored/>
  </testcase> <!-- UploadCSVNameEmailMissing -->
  <testcase classname="SiteTestCases.DEVTests.DevTestsPage" name="AddNewManagerUser" time="0.0">
    <ignored/>
  </testcase> <!-- AddNewManagerUser -->
  <testcase classname="SiteTestCases.DEVTests.DevTestsPage" name="ForgotPassword" time="0.0">
    <ignored/>
  </testcase> <!-- ForgotPassword -->
</testsuite> <!-- AddNewRecipient(failed) -->
