<?xml version="1.0" encoding="UTF-8"?>
<!-- Generated by org.testng.reporters.JUnitXMLReporter -->
<testsuite ignored="23" hostname="VX-LT-0082" failures="1" tests="1" name="UploadCSVInvalidEmail(failed)" time="68.74" errors="0" timestamp="2022-09-13T16:37:33 PKT">
  <testcase classname="SiteTestCases.DEVTests.DevTestsPage" name="UploadCSVInvalidEmail" time="62.667">
    <failure type="org.openqa.selenium.NoSuchElementException" message="no such element: Unable to locate element: {&amp;quot;method&amp;quot;:&amp;quot;xpath&amp;quot;,&amp;quot;selector&amp;quot;:&amp;quot;//*[@role=&amp;apos;listbox&amp;apos;]//p[text()=&amp;apos;Organization&amp;apos;]&amp;quot;}
  (Session info: chrome=104.0.5112.102)
For documentation on this error, please visit: https://selenium.dev/exceptions/#no_such_element
Build info: version: &amp;apos;4.1.2&amp;apos;, revision: &amp;apos;9a5a329c5a&amp;apos;
System info: host: &amp;apos;VX-LT-0082&amp;apos;, ip: &amp;apos;192.168.7.239&amp;apos;, os.name: &amp;apos;Windows 10&amp;apos;, os.arch: &amp;apos;amd64&amp;apos;, os.version: &amp;apos;10.0&amp;apos;, java.version: &amp;apos;15.0.2&amp;apos;
Driver info: org.openqa.selenium.chrome.ChromeDriver
Command: [8f92ba9d6d5676541e10740d756fd53d, findElement {using=xpath, value=//*[@role=&amp;apos;listbox&amp;apos;]//p[text()=&amp;apos;Organization&amp;apos;]}]
Capabilities {acceptInsecureCerts: false, browserName: chrome, browserVersion: 104.0.5112.102, chrome: {chromedriverVersion: 104.0.5112.79 (3cf3e8c8a07d..., userDataDir: C:\Users\MUHAMM~1\AppData\L...}, goog:chromeOptions: {debuggerAddress: localhost:51530}, javascriptEnabled: true, networkConnectionEnabled: false, pageLoadStrategy: normal, platform: WINDOWS, platformName: WINDOWS, proxy: Proxy(), se:cdp: ws://localhost:51530/devtoo..., se:cdpVersion: 104.0.5112.102, setWindowRect: true, strictFileInteractability: false, timeouts: {implicit: 0, pageLoad: 300000, script: 30000}, unhandledPromptBehavior: dismiss and notify, webauthn:extension:credBlob: true, webauthn:extension:largeBlob: true, webauthn:virtualAuthenticators: true}
Session ID: 8f92ba9d6d5676541e10740d756fd53d">
      <![CDATA[org.openqa.selenium.NoSuchElementException: no such element: Unable to locate element: {"method":"xpath","selector":"//*[@role='listbox']//p[text()='Organization']"}
  (Session info: chrome=104.0.5112.102)
For documentation on this error, please visit: https://selenium.dev/exceptions/#no_such_element
Build info: version: '4.1.2', revision: '9a5a329c5a'
System info: host: 'VX-LT-0082', ip: '192.168.7.239', os.name: 'Windows 10', os.arch: 'amd64', os.version: '10.0', java.version: '15.0.2'
Driver info: org.openqa.selenium.chrome.ChromeDriver
Command: [8f92ba9d6d5676541e10740d756fd53d, findElement {using=xpath, value=//*[@role='listbox']//p[text()='Organization']}]
Capabilities {acceptInsecureCerts: false, browserName: chrome, browserVersion: 104.0.5112.102, chrome: {chromedriverVersion: 104.0.5112.79 (3cf3e8c8a07d..., userDataDir: C:\Users\MUHAMM~1\AppData\L...}, goog:chromeOptions: {debuggerAddress: localhost:51530}, javascriptEnabled: true, networkConnectionEnabled: false, pageLoadStrategy: normal, platform: WINDOWS, platformName: WINDOWS, proxy: Proxy(), se:cdp: ws://localhost:51530/devtoo..., se:cdpVersion: 104.0.5112.102, setWindowRect: true, strictFileInteractability: false, timeouts: {implicit: 0, pageLoad: 300000, script: 30000}, unhandledPromptBehavior: dismiss and notify, webauthn:extension:credBlob: true, webauthn:extension:largeBlob: true, webauthn:virtualAuthenticators: true}
Session ID: 8f92ba9d6d5676541e10740d756fd53d
at org.openqa.selenium.remote.codec.w3c.W3CHttpResponseCodec.createException(W3CHttpResponseCodec.java:200)
at org.openqa.selenium.remote.codec.w3c.W3CHttpResponseCodec.decode(W3CHttpResponseCodec.java:133)
at org.openqa.selenium.remote.codec.w3c.W3CHttpResponseCodec.decode(W3CHttpResponseCodec.java:53)
at org.openqa.selenium.remote.HttpCommandExecutor.execute(HttpCommandExecutor.java:184)
at org.openqa.selenium.remote.service.DriverCommandExecutor.invokeExecute(DriverCommandExecutor.java:164)
at org.openqa.selenium.remote.service.DriverCommandExecutor.execute(DriverCommandExecutor.java:139)
at org.openqa.selenium.remote.RemoteWebDriver.execute(RemoteWebDriver.java:559)
at org.openqa.selenium.remote.ElementLocation$ElementFinder$2.findElement(ElementLocation.java:162)
at org.openqa.selenium.remote.ElementLocation.findElement(ElementLocation.java:60)
at org.openqa.selenium.remote.RemoteWebDriver.findElement(RemoteWebDriver.java:383)
at org.openqa.selenium.remote.RemoteWebDriver.findElement(RemoteWebDriver.java:375)
at Recipients.RecipientsPage.mapItems(RecipientsPage.java:1036)
at Recipients.RecipientsPage.uploadCSV(RecipientsPage.java:478)
at SiteTestCases.DEVTests.DevTestsPage.UploadCSVInvalidEmail(DevTestsPage.java:206)
at java.base/java.util.ArrayList.forEach(ArrayList.java:1511)
... Removed 31 stack frames]]>
    </failure>
  </testcase> <!-- UploadCSVInvalidEmail -->
  <testcase classname="SiteTestCases.DEVTests.DevTestsPage" name="UploadCSVEditUploadMerge" time="0.0">
    <ignored/>
  </testcase> <!-- UploadCSVEditUploadMerge -->
  <testcase classname="SiteTestCases.DEVTests.DevTestsPage" name="UploadCSV30MinWait" time="0.0">
    <ignored/>
  </testcase> <!-- UploadCSV30MinWait -->
  <testcase classname="SiteTestCases.DEVTests.DevTestsPage" name="UploadCSVDuplicateEmail" time="0.0">
    <ignored/>
  </testcase> <!-- UploadCSVDuplicateEmail -->
  <testcase classname="SiteTestCases.DEVTests.DevTestsPage" name="LoginViaMagicLink" time="0.0">
    <ignored/>
  </testcase> <!-- LoginViaMagicLink -->
  <testcase classname="SiteTestCases.DEVTests.DevTestsPage" name="UploadCSVUpdateMerge" time="0.0">
    <ignored/>
  </testcase> <!-- UploadCSVUpdateMerge -->
  <testcase classname="SiteTestCases.DEVTests.DevTestsPage" name="GlobalSearch" time="0.0">
    <ignored/>
  </testcase> <!-- GlobalSearch -->
  <testcase classname="SiteTestCases.DEVTests.DevTestsPage" name="UploadCSVUPMerge" time="0.0">
    <ignored/>
  </testcase> <!-- UploadCSVUPMerge -->
  <testcase classname="SiteTestCases.DEVTests.DevTestsPage" name="UploadCSVUnitGroup" time="0.0">
    <ignored/>
  </testcase> <!-- UploadCSVUnitGroup -->
  <testcase classname="SiteTestCases.DEVTests.DevTestsPage" name="AddNewAdminUser" time="0.0">
    <ignored/>
  </testcase> <!-- AddNewAdminUser -->
  <testcase classname="SiteTestCases.DEVTests.DevTestsPage" name="UploadCSVLongAdress" time="0.0">
    <ignored/>
  </testcase> <!-- UploadCSVLongAdress -->
  <testcase classname="SiteTestCases.DEVTests.DevTestsPage" name="LoginNegativeCase" time="0.0">
    <ignored/>
  </testcase> <!-- LoginNegativeCase -->
  <testcase classname="SiteTestCases.DEVTests.DevTestsPage" name="AddNewOperatorUser" time="0.0">
    <ignored/>
  </testcase> <!-- AddNewOperatorUser -->
  <testcase classname="SiteTestCases.DEVTests.DevTestsPage" name="UploadCSVUPOverwrite" time="0.0">
    <ignored/>
  </testcase> <!-- UploadCSVUPOverwrite -->
  <testcase classname="SiteTestCases.DEVTests.DevTestsPage" name="CreateNewLocation" time="0.0">
    <ignored/>
  </testcase> <!-- CreateNewLocation -->
  <testcase classname="SiteTestCases.DEVTests.DevTestsPage" name="AddNewGroup" time="0.0">
    <ignored/>
  </testcase> <!-- AddNewGroup -->
  <testcase classname="SiteTestCases.DEVTests.DevTestsPage" name="AddNewRecipient" time="0.0">
    <ignored/>
  </testcase> <!-- AddNewRecipient -->
  <testcase classname="SiteTestCases.DEVTests.DevTestsPage" name="AddNewAdminUserFiltersSorting" time="0.0">
    <ignored/>
  </testcase> <!-- AddNewAdminUserFiltersSorting -->
  <testcase classname="SiteTestCases.DEVTests.DevTestsPage" name="UploadCSV10000Recipients" time="0.0">
    <ignored/>
  </testcase> <!-- UploadCSV10000Recipients -->
  <testcase classname="SiteTestCases.DEVTests.DevTestsPage" name="UploadCSVEmailMissing" time="0.0">
    <ignored/>
  </testcase> <!-- UploadCSVEmailMissing -->
  <testcase classname="SiteTestCases.DEVTests.DevTestsPage" name="Analytics" time="0.0">
    <ignored/>
  </testcase> <!-- Analytics -->
  <testcase classname="SiteTestCases.DEVTests.DevTestsPage" name="UploadCSVNameEmailMissing" time="0.0">
    <ignored/>
  </testcase> <!-- UploadCSVNameEmailMissing -->
  <testcase classname="SiteTestCases.DEVTests.DevTestsPage" name="AddNewManagerUser" time="0.0">
    <ignored/>
  </testcase> <!-- AddNewManagerUser -->
  <testcase classname="SiteTestCases.DEVTests.DevTestsPage" name="ForgotPassword" time="0.0">
    <ignored/>
  </testcase> <!-- ForgotPassword -->
</testsuite> <!-- UploadCSVInvalidEmail(failed) -->
